<?xml version="1.0" encoding="UTF-8"?>
<!-- Generated by org.testng.reporters.JUnitReportReporter -->
<testsuite hostname="DESKTOP-6LE9NKI" failures="0" tests="3" name="testNG.TestCase" time="0.016" errors="0" timestamp="2021-10-28T11:37:16 IST" skipped="0">
  <testcase classname="testNG.TestCase" name="b1" time="0.012"/>
  <system-out/>
  <testcase classname="testNG.TestCase" name="a1" time="0.002"/>
  <system-out/>
  <testcase classname="testNG.TestCase" name="c1" time="0.002"/>
  <system-out/>
</testsuite> <!-- testNG.TestCase -->
