<?xml version="1.0" encoding="UTF-8"?>
<!-- Generated by org.testng.reporters.JUnitReportReporter -->
<testsuite hostname="DESKTOP-6LE9NKI" failures="0" tests="3" name="testNG.TestCase8" time="0.009" errors="0" timestamp="2021-10-28T11:59:06 IST" skipped="0">
  <testcase classname="testNG.TestCase8" name="a1" time="0.006"/>
  <system-out/>
  <testcase classname="testNG.TestCase8" name="b1" time="0.002"/>
  <system-out/>
  <testcase classname="testNG.TestCase8" name="c1" time="0.001"/>
  <system-out/>
</testsuite> <!-- testNG.TestCase8 -->
