<?xml version="1.0" encoding="UTF-8"?>
<!-- Generated by org.testng.reporters.JUnitReportReporter -->
<testsuite hostname="DESKTOP-6LE9NKI" failures="0" tests="1" name="testNG.TestCase1" time="0.008" errors="0" timestamp="2021-10-28T10:50:08 IST" skipped="0">
  <testcase classname="testNG.TestCase1" name="login" time="0.008"/>
  <system-out/>
</testsuite> <!-- testNG.TestCase1 -->
