<?xml version="1.0" encoding="UTF-8"?>
<!-- Generated by org.testng.reporters.JUnitReportReporter -->
<testsuite hostname="DESKTOP-6LE9NKI" failures="0" tests="1" name="testNG.TestCase11" time="0.018" errors="0" timestamp="2021-10-28T11:45:36 IST" skipped="0">
  <testcase classname="testNG.TestCase11" name="login" time="0.018"/>
  <system-out>
    <![CDATA[its reporter class
test case id:001]]>
  </system-out>
</testsuite> <!-- testNG.TestCase11 -->
