<?xml version="1.0" encoding="UTF-8"?>
<!-- Generated by org.testng.reporters.JUnitReportReporter -->
<testsuite hostname="DESKTOP-6LE9NKI" failures="0" tests="3" name="testNG.TestCase5" time="0.010" errors="0" timestamp="2021-10-28T11:47:50 IST" skipped="0">
  <testcase classname="testNG.TestCase5" name="b1" time="0.008"/>
  <system-out/>
  <testcase classname="testNG.TestCase5" name="a1" time="0.001"/>
  <system-out/>
  <testcase classname="testNG.TestCase5" name="c1" time="0.001"/>
  <system-out/>
</testsuite> <!-- testNG.TestCase5 -->
