<?xml version="1.0" encoding="UTF-8"?>
<!-- Generated by org.testng.reporters.JUnitReportReporter -->
<testsuite hostname="DESKTOP-6LE9NKI" failures="0" tests="3" name="testNG.TestCase6" time="0.014" errors="0" timestamp="2021-11-02T13:46:49 IST" skipped="0">
  <testcase classname="testNG.TestCase6" name="a1" time="0.013"/>
  <system-out/>
  <testcase classname="testNG.TestCase6" name="b1" time="0.000"/>
  <system-out/>
  <testcase classname="testNG.TestCase6" name="c1" time="0.001"/>
  <system-out/>
</testsuite> <!-- testNG.TestCase6 -->
